<testsuites id="" name="" tests="7" failures="7" skipped="0" errors="0" time="102.83593300000001">
<testsuite name="e2e/analysts-flow.spec.ts" timestamp="2025-08-09T02:04:48.118Z" hostname="chromium" tests="1" failures="1" skipped="0" time="31.74" errors="0">
<testcase name="Analysts Page - CRUD Operations › should allow an admin to add a new analyst" classname="e2e/analysts-flow.spec.ts" time="31.74">
<failure message="analysts-flow.spec.ts:24:7 should allow an admin to add a new analyst" type="FAILURE">
<![CDATA[  [chromium] › e2e/analysts-flow.spec.ts:24:7 › Analysts Page - CRUD Operations › should allow an admin to add a new analyst

    Test timeout of 30000ms exceeded while running "beforeEach" hook.

      17 |
      18 | test.describe('Analysts Page - CRUD Operations', () => {
    > 19 |   test.beforeEach(async ({ page }) => {
         |        ^
      20 |     await loginAsAdmin(page);
      21 |     await page.goto(`${BASE_URL}/analysts`);
      22 |   });
        at /app/tests/e2e/analysts-flow.spec.ts:19:8

    Error: page.waitForURL: Test timeout of 30000ms exceeded.
    =========================== logs ===========================
    waiting for navigation to "http://localhost:3000/" until "load"
    ============================================================

      13 |   await page.fill('input[type="password"]', TEST_USER.password);
      14 |   await page.click('button[type="submit"]');
    > 15 |   await page.waitForURL(`${BASE_URL}/`);
         |              ^
      16 | }
      17 |
      18 | test.describe('Analysts Page - CRUD Operations', () => {
        at loginAsAdmin (/app/tests/e2e/analysts-flow.spec.ts:15:14)
        at /app/tests/e2e/analysts-flow.spec.ts:20:5

    attachment #1: screenshot (image/png) ──────────────────────────────────────────────────────────
    ../test-results/e2e-analysts-flow-Analysts-4e741--admin-to-add-a-new-analyst-chromium/test-failed-1.png
    ────────────────────────────────────────────────────────────────────────────────────────────────

    attachment #2: video (video/webm) ──────────────────────────────────────────────────────────────
    ../test-results/e2e-analysts-flow-Analysts-4e741--admin-to-add-a-new-analyst-chromium/video.webm
    ────────────────────────────────────────────────────────────────────────────────────────────────

    Error Context: ../test-results/e2e-analysts-flow-Analysts-4e741--admin-to-add-a-new-analyst-chromium/error-context.md
]]>
</failure>
<system-out>
<![CDATA[
[[ATTACHMENT|e2e-analysts-flow-Analysts-4e741--admin-to-add-a-new-analyst-chromium/test-failed-1.png]]

[[ATTACHMENT|e2e-analysts-flow-Analysts-4e741--admin-to-add-a-new-analyst-chromium/video.webm]]

[[ATTACHMENT|e2e-analysts-flow-Analysts-4e741--admin-to-add-a-new-analyst-chromium/error-context.md]]
]]>
</system-out>
</testcase>
</testsuite>
<testsuite name="e2e/analysts-flow.spec.ts" timestamp="2025-08-09T02:04:48.118Z" hostname="firefox" tests="1" failures="1" skipped="0" time="30.234" errors="0">
<testcase name="Analysts Page - CRUD Operations › should allow an admin to add a new analyst" classname="e2e/analysts-flow.spec.ts" time="30.234">
<failure message="analysts-flow.spec.ts:24:7 should allow an admin to add a new analyst" type="FAILURE">
<![CDATA[  [firefox] › e2e/analysts-flow.spec.ts:24:7 › Analysts Page - CRUD Operations › should allow an admin to add a new analyst

    Test timeout of 30000ms exceeded while running "beforeEach" hook.

      17 |
      18 | test.describe('Analysts Page - CRUD Operations', () => {
    > 19 |   test.beforeEach(async ({ page }) => {
         |        ^
      20 |     await loginAsAdmin(page);
      21 |     await page.goto(`${BASE_URL}/analysts`);
      22 |   });
        at /app/tests/e2e/analysts-flow.spec.ts:19:8

    Error: page.waitForURL: Test timeout of 30000ms exceeded.
    =========================== logs ===========================
    waiting for navigation to "http://localhost:3000/" until "load"
    ============================================================

      13 |   await page.fill('input[type="password"]', TEST_USER.password);
      14 |   await page.click('button[type="submit"]');
    > 15 |   await page.waitForURL(`${BASE_URL}/`);
         |              ^
      16 | }
      17 |
      18 | test.describe('Analysts Page - CRUD Operations', () => {
        at loginAsAdmin (/app/tests/e2e/analysts-flow.spec.ts:15:14)
        at /app/tests/e2e/analysts-flow.spec.ts:20:5

    attachment #1: screenshot (image/png) ──────────────────────────────────────────────────────────
    ../test-results/e2e-analysts-flow-Analysts-4e741--admin-to-add-a-new-analyst-firefox/test-failed-1.png
    ────────────────────────────────────────────────────────────────────────────────────────────────

    attachment #2: video (video/webm) ──────────────────────────────────────────────────────────────
    ../test-results/e2e-analysts-flow-Analysts-4e741--admin-to-add-a-new-analyst-firefox/video.webm
    ────────────────────────────────────────────────────────────────────────────────────────────────

    Error Context: ../test-results/e2e-analysts-flow-Analysts-4e741--admin-to-add-a-new-analyst-firefox/error-context.md
]]>
</failure>
<system-out>
<![CDATA[
[[ATTACHMENT|e2e-analysts-flow-Analysts-4e741--admin-to-add-a-new-analyst-firefox/test-failed-1.png]]

[[ATTACHMENT|e2e-analysts-flow-Analysts-4e741--admin-to-add-a-new-analyst-firefox/video.webm]]

[[ATTACHMENT|e2e-analysts-flow-Analysts-4e741--admin-to-add-a-new-analyst-firefox/error-context.md]]
]]>
</system-out>
</testcase>
</testsuite>
<testsuite name="e2e/analysts-flow.spec.ts" timestamp="2025-08-09T02:04:48.118Z" hostname="webkit" tests="1" failures="1" skipped="0" time="0.003" errors="0">
<testcase name="Analysts Page - CRUD Operations › should allow an admin to add a new analyst" classname="e2e/analysts-flow.spec.ts" time="0.003">
<failure message="analysts-flow.spec.ts:24:7 should allow an admin to add a new analyst" type="FAILURE">
<![CDATA[  [webkit] › e2e/analysts-flow.spec.ts:24:7 › Analysts Page - CRUD Operations › should allow an admin to add a new analyst

    Error: browserType.launch:
    ╔══════════════════════════════════════════════════════╗
    ║ Host system is missing dependencies to run browsers. ║
    ║ Missing libraries:                                   ║
    ║     libgtk-4.so.1                                    ║
    ║     libgraphene-1.0.so.0                             ║
    ║     libxslt.so.1                                     ║
    ║     libwoff2dec.so.1.0.2                             ║
    ║     libvpx.so.9                                      ║
    ║     libevent-2.1.so.7                                ║
    ║     libopus.so.0                                     ║
    ║     libgstallocators-1.0.so.0                        ║
    ║     libgstapp-1.0.so.0                               ║
    ║     libgstpbutils-1.0.so.0                           ║
    ║     libgstaudio-1.0.so.0                             ║
    ║     libgsttag-1.0.so.0                               ║
    ║     libgstvideo-1.0.so.0                             ║
    ║     libgstgl-1.0.so.0                                ║
    ║     libgstcodecparsers-1.0.so.0                      ║
    ║     libgstfft-1.0.so.0                               ║
    ║     libflite.so.1                                    ║
    ║     libflite_usenglish.so.1                          ║
    ║     libflite_cmu_grapheme_lang.so.1                  ║
    ║     libflite_cmu_grapheme_lex.so.1                   ║
    ║     libflite_cmu_indic_lang.so.1                     ║
    ║     libflite_cmu_indic_lex.so.1                      ║
    ║     libflite_cmulex.so.1                             ║
    ║     libflite_cmu_time_awb.so.1                       ║
    ║     libflite_cmu_us_awb.so.1                         ║
    ║     libflite_cmu_us_kal16.so.1                       ║
    ║     libflite_cmu_us_kal.so.1                         ║
    ║     libflite_cmu_us_rms.so.1                         ║
    ║     libflite_cmu_us_slt.so.1                         ║
    ║     libwebpdemux.so.2                                ║
    ║     libavif.so.16                                    ║
    ║     libharfbuzz-icu.so.0                             ║
    ║     libwebpmux.so.3                                  ║
    ║     libenchant-2.so.2                                ║
    ║     libsecret-1.so.0                                 ║
    ║     libhyphen.so.0                                   ║
    ║     libmanette-0.2.so.0                              ║
    ║     libx264.so                                       ║
    ╚══════════════════════════════════════════════════════╝
]]>
</failure>
</testcase>
</testsuite>
<testsuite name="e2e/analysts-flow.spec.ts" timestamp="2025-08-09T02:04:48.118Z" hostname="Mobile Chrome" tests="1" failures="1" skipped="0" time="31.573" errors="0">
<testcase name="Analysts Page - CRUD Operations › should allow an admin to add a new analyst" classname="e2e/analysts-flow.spec.ts" time="31.573">
<failure message="analysts-flow.spec.ts:24:7 should allow an admin to add a new analyst" type="FAILURE">
<![CDATA[  [Mobile Chrome] › e2e/analysts-flow.spec.ts:24:7 › Analysts Page - CRUD Operations › should allow an admin to add a new analyst

    Test timeout of 30000ms exceeded while running "beforeEach" hook.

      17 |
      18 | test.describe('Analysts Page - CRUD Operations', () => {
    > 19 |   test.beforeEach(async ({ page }) => {
         |        ^
      20 |     await loginAsAdmin(page);
      21 |     await page.goto(`${BASE_URL}/analysts`);
      22 |   });
        at /app/tests/e2e/analysts-flow.spec.ts:19:8

    Error: page.waitForURL: Test timeout of 30000ms exceeded.
    =========================== logs ===========================
    waiting for navigation to "http://localhost:3000/" until "load"
    ============================================================

      13 |   await page.fill('input[type="password"]', TEST_USER.password);
      14 |   await page.click('button[type="submit"]');
    > 15 |   await page.waitForURL(`${BASE_URL}/`);
         |              ^
      16 | }
      17 |
      18 | test.describe('Analysts Page - CRUD Operations', () => {
        at loginAsAdmin (/app/tests/e2e/analysts-flow.spec.ts:15:14)
        at /app/tests/e2e/analysts-flow.spec.ts:20:5

    attachment #1: screenshot (image/png) ──────────────────────────────────────────────────────────
    ../test-results/e2e-analysts-flow-Analysts-4e741--admin-to-add-a-new-analyst-Mobile-Chrome/test-failed-1.png
    ────────────────────────────────────────────────────────────────────────────────────────────────

    attachment #2: video (video/webm) ──────────────────────────────────────────────────────────────
    ../test-results/e2e-analysts-flow-Analysts-4e741--admin-to-add-a-new-analyst-Mobile-Chrome/video.webm
    ────────────────────────────────────────────────────────────────────────────────────────────────

    Error Context: ../test-results/e2e-analysts-flow-Analysts-4e741--admin-to-add-a-new-analyst-Mobile-Chrome/error-context.md
]]>
</failure>
<system-out>
<![CDATA[
[[ATTACHMENT|e2e-analysts-flow-Analysts-4e741--admin-to-add-a-new-analyst-Mobile-Chrome/test-failed-1.png]]

[[ATTACHMENT|e2e-analysts-flow-Analysts-4e741--admin-to-add-a-new-analyst-Mobile-Chrome/video.webm]]

[[ATTACHMENT|e2e-analysts-flow-Analysts-4e741--admin-to-add-a-new-analyst-Mobile-Chrome/error-context.md]]
]]>
</system-out>
</testcase>
</testsuite>
<testsuite name="e2e/analysts-flow.spec.ts" timestamp="2025-08-09T02:04:48.118Z" hostname="Mobile Safari" tests="1" failures="1" skipped="0" time="0.004" errors="0">
<testcase name="Analysts Page - CRUD Operations › should allow an admin to add a new analyst" classname="e2e/analysts-flow.spec.ts" time="0.004">
<failure message="analysts-flow.spec.ts:24:7 should allow an admin to add a new analyst" type="FAILURE">
<![CDATA[  [Mobile Safari] › e2e/analysts-flow.spec.ts:24:7 › Analysts Page - CRUD Operations › should allow an admin to add a new analyst

    Error: browserType.launch:
    ╔══════════════════════════════════════════════════════╗
    ║ Host system is missing dependencies to run browsers. ║
    ║ Missing libraries:                                   ║
    ║     libgtk-4.so.1                                    ║
    ║     libgraphene-1.0.so.0                             ║
    ║     libxslt.so.1                                     ║
    ║     libwoff2dec.so.1.0.2                             ║
    ║     libvpx.so.9                                      ║
    ║     libevent-2.1.so.7                                ║
    ║     libopus.so.0                                     ║
    ║     libgstallocators-1.0.so.0                        ║
    ║     libgstapp-1.0.so.0                               ║
    ║     libgstpbutils-1.0.so.0                           ║
    ║     libgstaudio-1.0.so.0                             ║
    ║     libgsttag-1.0.so.0                               ║
    ║     libgstvideo-1.0.so.0                             ║
    ║     libgstgl-1.0.so.0                                ║
    ║     libgstcodecparsers-1.0.so.0                      ║
    ║     libgstfft-1.0.so.0                               ║
    ║     libflite.so.1                                    ║
    ║     libflite_usenglish.so.1                          ║
    ║     libflite_cmu_grapheme_lang.so.1                  ║
    ║     libflite_cmu_grapheme_lex.so.1                   ║
    ║     libflite_cmu_indic_lang.so.1                     ║
    ║     libflite_cmu_indic_lex.so.1                      ║
    ║     libflite_cmulex.so.1                             ║
    ║     libflite_cmu_time_awb.so.1                       ║
    ║     libflite_cmu_us_awb.so.1                         ║
    ║     libflite_cmu_us_kal16.so.1                       ║
    ║     libflite_cmu_us_kal.so.1                         ║
    ║     libflite_cmu_us_rms.so.1                         ║
    ║     libflite_cmu_us_slt.so.1                         ║
    ║     libwebpdemux.so.2                                ║
    ║     libavif.so.16                                    ║
    ║     libharfbuzz-icu.so.0                             ║
    ║     libwebpmux.so.3                                  ║
    ║     libenchant-2.so.2                                ║
    ║     libsecret-1.so.0                                 ║
    ║     libhyphen.so.0                                   ║
    ║     libmanette-0.2.so.0                              ║
    ║     libx264.so                                       ║
    ╚══════════════════════════════════════════════════════╝
]]>
</failure>
</testcase>
</testsuite>
<testsuite name="e2e/analysts-flow.spec.ts" timestamp="2025-08-09T02:04:48.118Z" hostname="Microsoft Edge" tests="1" failures="1" skipped="0" time="0.004" errors="0">
<testcase name="Analysts Page - CRUD Operations › should allow an admin to add a new analyst" classname="e2e/analysts-flow.spec.ts" time="0.004">
<failure message="analysts-flow.spec.ts:24:7 should allow an admin to add a new analyst" type="FAILURE">
<![CDATA[  [Microsoft Edge] › e2e/analysts-flow.spec.ts:24:7 › Analysts Page - CRUD Operations › should allow an admin to add a new analyst

    Error: browserType.launch: Chromium distribution 'msedge' is not found at /opt/microsoft/msedge/msedge
    Run "npx playwright install msedge"
]]>
</failure>
</testcase>
</testsuite>
<testsuite name="e2e/analysts-flow.spec.ts" timestamp="2025-08-09T02:04:48.118Z" hostname="Google Chrome" tests="1" failures="1" skipped="0" time="0.003" errors="0">
<testcase name="Analysts Page - CRUD Operations › should allow an admin to add a new analyst" classname="e2e/analysts-flow.spec.ts" time="0.003">
<failure message="analysts-flow.spec.ts:24:7 should allow an admin to add a new analyst" type="FAILURE">
<![CDATA[  [Google Chrome] › e2e/analysts-flow.spec.ts:24:7 › Analysts Page - CRUD Operations › should allow an admin to add a new analyst

    Error: browserType.launch: Chromium distribution 'chrome' is not found at /opt/google/chrome/chrome
    Run "npx playwright install chrome"
]]>
</failure>
</testcase>
</testsuite>
</testsuites>